<?xml version="1.0" encoding="UTF-8"?><testsuite errors="0" failures="1" name="categoria" skipped="0" tests="1" time="34.49" timestamp="2022-12-17 08:18:14"><testcase name="buscar por categoria"><failure message="Expected enabled element was not enabled" type="net.thucydides.core.webdriver.exceptions.ElementShouldBeEnabledException">Expected enabled element was not enabled</failure><system-err>Expected enabled element was not enabled&#13;
com.carulla.tasks.Categoria.performAs(Categoria.java:29)&#13;
com.carulla.stepDefinitions.CategoriaStepDefinition.elUsuarioSeEncuentreSeleccionandoUnProductoEnLaOpcionDeCategoria(CategoriaStepDefinition.java:32)&#13;
cucumber.runner.Runner.runPickle(Runner.java:80)&#13;
worker.org.gradle.process.internal.worker.GradleWorkerMain.run(GradleWorkerMain.java:69)&#13;
worker.org.gradle.process.internal.worker.GradleWorkerMain.main(GradleWorkerMain.java:74)&#13;
</system-err></testcase></testsuite>